<?xml version="1.0" encoding="UTF-8"?>
<testsuite xmlns:xsi="http://www.w3.org/2001/XMLSchema-instance" xsi:noNamespaceSchemaLocation="https://maven.apache.org/surefire/maven-surefire-plugin/xsd/surefire-test-report-3.0.xsd" version="3.0" name="be.unamur.game2048.Test2048" time="0.321" tests="24" errors="0" skipped="0" failures="0">
  <properties>
    <property name="java.specification.version" value="17"/>
    <property name="sun.cpu.isalist" value="amd64"/>
    <property name="sun.jnu.encoding" value="Cp1252"/>
    <property name="java.class.path" value="C:\Users\yboun\Desktop\ASE\2048GROUPE04\target\test-classes;C:\Users\yboun\Desktop\ASE\2048GROUPE04\target\classes;C:\Users\yboun\.m2\repository\junit\junit\4.13.2\junit-4.13.2.jar;C:\Users\yboun\.m2\repository\org\hamcrest\hamcrest-core\1.3\hamcrest-core-1.3.jar;"/>
    <property name="java.vm.vendor" value="Oracle Corporation"/>
    <property name="sun.arch.data.model" value="64"/>
    <property name="user.variant" value=""/>
    <property name="java.vendor.url" value="https://java.oracle.com/"/>
    <property name="user.timezone" value="Europe/Brussels"/>
    <property name="os.name" value="Windows 11"/>
    <property name="java.vm.specification.version" value="17"/>
    <property name="sun.java.launcher" value="SUN_STANDARD"/>
    <property name="user.country" value="US"/>
    <property name="sun.boot.library.path" value="C:\Program Files\Java\jdk-17\bin"/>
    <property name="sun.java.command" value="C:\Users\yboun\AppData\Local\Temp\surefire8669964597516269367\surefirebooter-20241229191800227_3.jar C:\Users\yboun\AppData\Local\Temp\surefire8669964597516269367 2024-12-29T19-17-59_795-jvmRun1 surefire-20241229191800227_1tmp surefire_0-20241229191800227_2tmp"/>
    <property name="jdk.debug" value="release"/>
    <property name="surefire.test.class.path" value="C:\Users\yboun\Desktop\ASE\2048GROUPE04\target\test-classes;C:\Users\yboun\Desktop\ASE\2048GROUPE04\target\classes;C:\Users\yboun\.m2\repository\junit\junit\4.13.2\junit-4.13.2.jar;C:\Users\yboun\.m2\repository\org\hamcrest\hamcrest-core\1.3\hamcrest-core-1.3.jar;"/>
    <property name="sun.cpu.endian" value="little"/>
    <property name="user.home" value="C:\Users\yboun"/>
    <property name="user.language" value="en"/>
    <property name="java.specification.vendor" value="Oracle Corporation"/>
    <property name="java.version.date" value="2023-10-17"/>
    <property name="java.home" value="C:\Program Files\Java\jdk-17"/>
    <property name="file.separator" value="\"/>
    <property name="basedir" value="C:\Users\yboun\Desktop\ASE\2048GROUPE04"/>
    <property name="java.vm.compressedOopsMode" value="32-bit"/>
    <property name="line.separator" value="&#10;"/>
    <property name="java.vm.specification.vendor" value="Oracle Corporation"/>
    <property name="java.specification.name" value="Java Platform API Specification"/>
    <property name="surefire.real.class.path" value="C:\Users\yboun\AppData\Local\Temp\surefire8669964597516269367\surefirebooter-20241229191800227_3.jar"/>
    <property name="user.script" value=""/>
    <property name="sun.management.compiler" value="HotSpot 64-Bit Tiered Compilers"/>
    <property name="java.runtime.version" value="17.0.9+11-LTS-201"/>
    <property name="user.name" value="yboun"/>
    <property name="path.separator" value=";"/>
    <property name="os.version" value="10.0"/>
    <property name="java.runtime.name" value="Java(TM) SE Runtime Environment"/>
    <property name="file.encoding" value="Cp1252"/>
    <property name="java.vm.name" value="Java HotSpot(TM) 64-Bit Server VM"/>
    <property name="localRepository" value="C:\Users\yboun\.m2\repository"/>
    <property name="java.vendor.url.bug" value="https://bugreport.java.com/bugreport/"/>
    <property name="java.io.tmpdir" value="C:\Users\yboun\AppData\Local\Temp\"/>
    <property name="java.version" value="17.0.9"/>
    <property name="user.dir" value="C:\Users\yboun\Desktop\ASE\2048GROUPE04"/>
    <property name="os.arch" value="amd64"/>
    <property name="java.vm.specification.name" value="Java Virtual Machine Specification"/>
    <property name="sun.os.patch.level" value=""/>
    <property name="native.encoding" value="Cp1252"/>
    <property name="java.library.path" value="C:\Program Files\Java\jdk-17\bin;C:\WINDOWS\Sun\Java\bin;C:\WINDOWS\system32;C:\WINDOWS;C:\Program Files\Common Files\Oracle\Java\javapath;C:\Program Files (x86)\Common Files\Oracle\Java\java8path;C:\Program Files (x86)\Common Files\Oracle\Java\javapath;C:\WINDOWS\system32;C:\WINDOWS;C:\WINDOWS\System32\Wbem;C:\WINDOWS\System32\WindowsPowerShell\v1.0\;C:\WINDOWS\System32\OpenSSH\;C:\Program Files\swipl\bin;C:\ProgramData\chocolatey\bin;C:\Program Files\Hewlett-Packard\SimplePass\;C:\Program Files\Java\jdk-17\bin;C:\ghcup\bin;C:\Program Files\Docker\Docker\resources\bin;C:\Program Files\PuTTY\;C:\Users\yboun\AppData\Local\Programs\Python\Python312;C:\Users\yboun\AppData\Local\Programs\Python\Python312\Scripts;C:\Program Files\Git\cmd;C:\Users\yboun\AppData\Local\Microsoft\WindowsApps;C:\Users\yboun\AppData\Local\Programs\Microsoft VS Code\bin;C:\Users\yboun\AppData\Roaming\cabal\bin;C:\tools\ghc-9.8.1\bin;C:\tools\msys64;C:\Program Files\JetBrains\IntelliJ IDEA 2024.3\bin;;C:\Program Files\JetBrains\IntelliJ IDEA Community Edition 2023.3.1\bin;;C:\Program Files\Java\apache-maven-3.9.6\bin;C:\ghcup\bin;C:\Users\yboun\AppData\Local\GitHubDesktop\bin;C:\Users\yboun\AppData\Local\Programs\Python\Python312\;C:\Program Files (x86)\Graphviz2.38\bin;C:\Program Files\dotnet;;."/>
    <property name="java.vm.info" value="mixed mode, sharing"/>
    <property name="java.vendor" value="Oracle Corporation"/>
    <property name="java.vm.version" value="17.0.9+11-LTS-201"/>
    <property name="sun.io.unicode.encoding" value="UnicodeLittle"/>
    <property name="java.class.version" value="61.0"/>
  </properties>
  <testcase name="testTileEqualsOk" classname="be.unamur.game2048.Test2048" time="0.007"/>
  <testcase name="testGridClearMerged" classname="be.unamur.game2048.Test2048" time="0.0"/>
  <testcase name="testTileCanMergeWithNull" classname="be.unamur.game2048.Test2048" time="0.0"/>
  <testcase name="testTileCanMergeWithSame" classname="be.unamur.game2048.Test2048" time="0.0"/>
  <testcase name="testTileSetMergedTrue" classname="be.unamur.game2048.Test2048" time="0.0"/>
  <testcase name="testTileEqualsDifferent" classname="be.unamur.game2048.Test2048" time="0.0"/>
  <testcase name="testGridDefault" classname="be.unamur.game2048.Test2048" time="0.0"/>
  <testcase name="testTileSetMergedFalse" classname="be.unamur.game2048.Test2048" time="0.003"/>
  <testcase name="testTileTostringWithGetValue" classname="be.unamur.game2048.Test2048" time="0.002"/>
  <testcase name="testGridSetTile" classname="be.unamur.game2048.Test2048" time="0.0"/>
  <testcase name="testGameControllerGetGameStateDefault" classname="be.unamur.game2048.Test2048" time="0.005"/>
  <testcase name="testTileEqualsOtherType" classname="be.unamur.game2048.Test2048" time="0.0"/>
  <testcase name="testGameControllerStartGameDefault" classname="be.unamur.game2048.Test2048" time="0.0"/>
  <testcase name="testTileTostringNormal" classname="be.unamur.game2048.Test2048" time="0.0"/>
  <testcase name="testTileCanMergeWithAlredyMerged" classname="be.unamur.game2048.Test2048" time="0.003"/>
  <testcase name="testGridGetCol" classname="be.unamur.game2048.Test2048" time="0.01"/>
  <testcase name="testGridGetRow" classname="be.unamur.game2048.Test2048" time="0.0"/>
  <testcase name="testTileEqualsWithSelf" classname="be.unamur.game2048.Test2048" time="0.0"/>
  <testcase name="testGridGetLength" classname="be.unamur.game2048.Test2048" time="0.0"/>
  <testcase name="testGridWithTiles" classname="be.unamur.game2048.Test2048" time="0.0"/>
  <testcase name="testTileCanMergeWithDifferent" classname="be.unamur.game2048.Test2048" time="0.003"/>
  <testcase name="testTileMergeWithSame" classname="be.unamur.game2048.Test2048" time="0.0"/>
  <testcase name="testTileMergeWithDifferent" classname="be.unamur.game2048.Test2048" time="0.001"/>
  <testcase name="testTileEqualsNull" classname="be.unamur.game2048.Test2048" time="0.0"/>
</testsuite>